<?xml version="1.0" encoding="UTF-8"?>
<testsuite name="co.com.ParqueaderoCeibaADN.ParqueaderoCeibaAdnApplicationTests" tests="1" skipped="0" failures="0" errors="0" timestamp="2018-05-09T13:37:40" hostname="YEISON-GOMEZ" time="0.283">
  <properties/>
  <testcase name="contextLoads" classname="co.com.ParqueaderoCeibaADN.ParqueaderoCeibaAdnApplicationTests" time="0.283"/>
  <system-out><![CDATA[08:37:32.873 [Test worker] DEBUG org.springframework.test.context.junit4.SpringJUnit4ClassRunner - SpringJUnit4ClassRunner constructor called with [class co.com.ParqueaderoCeibaADN.ParqueaderoCeibaAdnApplicationTests]
08:37:32.887 [Test worker] DEBUG org.springframework.test.context.BootstrapUtils - Instantiating CacheAwareContextLoaderDelegate from class [org.springframework.test.context.cache.DefaultCacheAwareContextLoaderDelegate]
08:37:32.912 [Test worker] DEBUG org.springframework.test.context.BootstrapUtils - Instantiating BootstrapContext using constructor [public org.springframework.test.context.support.DefaultBootstrapContext(java.lang.Class,org.springframework.test.context.CacheAwareContextLoaderDelegate)]
08:37:32.956 [Test worker] DEBUG org.springframework.test.context.BootstrapUtils - Instantiating TestContextBootstrapper for test class [co.com.ParqueaderoCeibaADN.ParqueaderoCeibaAdnApplicationTests] from class [org.springframework.boot.test.context.SpringBootTestContextBootstrapper]
08:37:32.988 [Test worker] INFO org.springframework.boot.test.context.SpringBootTestContextBootstrapper - Neither @ContextConfiguration nor @ContextHierarchy found for test class [co.com.ParqueaderoCeibaADN.ParqueaderoCeibaAdnApplicationTests], using SpringBootContextLoader
08:37:32.996 [Test worker] DEBUG org.springframework.test.context.support.AbstractContextLoader - Did not detect default resource location for test class [co.com.ParqueaderoCeibaADN.ParqueaderoCeibaAdnApplicationTests]: class path resource [co/com/ParqueaderoCeibaADN/ParqueaderoCeibaAdnApplicationTests-context.xml] does not exist
08:37:32.997 [Test worker] DEBUG org.springframework.test.context.support.AbstractContextLoader - Did not detect default resource location for test class [co.com.ParqueaderoCeibaADN.ParqueaderoCeibaAdnApplicationTests]: class path resource [co/com/ParqueaderoCeibaADN/ParqueaderoCeibaAdnApplicationTestsContext.groovy] does not exist
08:37:32.998 [Test worker] INFO org.springframework.test.context.support.AbstractContextLoader - Could not detect default resource locations for test class [co.com.ParqueaderoCeibaADN.ParqueaderoCeibaAdnApplicationTests]: no resource found for suffixes {-context.xml, Context.groovy}.
08:37:33.000 [Test worker] INFO org.springframework.test.context.support.AnnotationConfigContextLoaderUtils - Could not detect default configuration classes for test class [co.com.ParqueaderoCeibaADN.ParqueaderoCeibaAdnApplicationTests]: ParqueaderoCeibaAdnApplicationTests does not declare any static, non-private, non-final, nested classes annotated with @Configuration.
08:37:33.089 [Test worker] DEBUG org.springframework.test.context.support.ActiveProfilesUtils - Could not find an 'annotation declaring class' for annotation type [org.springframework.test.context.ActiveProfiles] and class [co.com.ParqueaderoCeibaADN.ParqueaderoCeibaAdnApplicationTests]
08:37:33.108 [Test worker] DEBUG org.springframework.core.env.StandardEnvironment - Adding PropertySource 'systemProperties' with lowest search precedence
08:37:33.109 [Test worker] DEBUG org.springframework.core.env.StandardEnvironment - Adding PropertySource 'systemEnvironment' with lowest search precedence
08:37:33.109 [Test worker] DEBUG org.springframework.core.env.StandardEnvironment - Initialized StandardEnvironment with PropertySources [MapPropertySource@1600889127 {name='systemProperties', properties={java.runtime.name=Java(TM) SE Runtime Environment, sun.boot.library.path=C:\Program Files\Java\jdk1.8.0_171\jre\bin, java.vm.version=25.171-b11, java.vm.vendor=Oracle Corporation, java.vendor.url=http://java.oracle.com/, path.separator=;, java.vm.name=Java HotSpot(TM) 64-Bit Server VM, file.encoding.pkg=sun.io, user.script=, sun.java.launcher=SUN_STANDARD, user.country=US, sun.os.patch.level=, java.vm.specification.name=Java Virtual Machine Specification, user.dir=D:\Development\Eclipse\ParqueaderoCeibaADN, java.runtime.version=1.8.0_171-b11, java.awt.graphicsenv=sun.awt.Win32GraphicsEnvironment, java.endorsed.dirs=C:\Program Files\Java\jdk1.8.0_171\jre\lib\endorsed, os.arch=amd64, java.io.tmpdir=C:\Users\YEISON~1.GOM\AppData\Local\Temp\, line.separator=
, java.vm.specification.vendor=Oracle Corporation, user.variant=, os.name=Windows 10, sun.jnu.encoding=Cp1252, java.library.path=C:\Program Files\Java\jdk1.8.0_171\bin;C:\Windows\Sun\Java\bin;C:\Windows\system32;C:\Windows;C:/Program Files/Java/jre1.8.0_171/bin/server;C:/Program Files/Java/jre1.8.0_171/bin;C:/Program Files/Java/jre1.8.0_171/lib/amd64;C:\Program Files (x86)\Common Files\Oracle\Java\javapath;C:\Oracle\product\11.1.0\client_1\bin;C:\Program Files\CollabNet\Subversion Client;C:\Windows\system32;C:\Windows;C:\Windows\System32\Wbem;C:\Windows\System32\WindowsPowerShell\v1.0\;C:\Program Files\TortoiseSVN\bin;C:\Program Files (x86)\ATI Technologies\ATI.ACE\Core-Static;C:\Program Files\Git\cmd;C:\Program Files\PuTTY\;C:\Users\yeison.gomez\AppData\Local\Microsoft\WindowsApps;C:\Program Files\Java\jdk1.8.0_171\bin;D:\Development\Plugins\gradle-4.7\bin;;C:\eclipse;;., java.specification.name=Java Platform API Specification, java.class.version=52.0, org.gradle.native=false, sun.management.compiler=HotSpot 64-Bit Tiered Compilers, os.version=10.0, user.home=C:\Users\yeison.gomez, user.timezone=America/Bogota, java.awt.printerjob=sun.awt.windows.WPrinterJob, file.encoding=windows-1252, java.specification.version=1.8, java.class.path=D:\Development\Eclipse\ParqueaderoCeibaADN\build\classes\java\test;D:\Development\Eclipse\ParqueaderoCeibaADN\build\resources\test;D:\Development\Eclipse\ParqueaderoCeibaADN\build\classes\java\main;D:\Development\Eclipse\ParqueaderoCeibaADN\build\resources\main;C:\Users\yeison.gomez\.gradle\caches\modules-2\files-2.1\org.springframework.boot\spring-boot-starter-data-jpa\2.0.1.RELEASE\b7c701f60073e2d2b8a8f5502dcc39d4f65f45ff\spring-boot-starter-data-jpa-2.0.1.RELEASE.jar;C:\Users\yeison.gomez\.gradle\caches\modules-2\files-2.1\org.springframework.boot\spring-boot-starter-jersey\2.0.1.RELEASE\c3072662f92fc610e7837d8b666902add0838266\spring-boot-starter-jersey-2.0.1.RELEASE.jar;C:\Users\yeison.gomez\.gradle\caches\modules-2\files-2.1\org.springframework.boot\spring-boot-starter-web\2.0.1.RELEASE\88751ed76791d12425ce5a80476baf1749a44cf4\spring-boot-starter-web-2.0.1.RELEASE.jar;C:\Users\yeison.gomez\.gradle\caches\modules-2\files-2.1\org.springframework.boot\spring-boot-starter-webflux\2.0.1.RELEASE\521e563e885bcbbe4a9ae87d2f28b96428948565\spring-boot-starter-webflux-2.0.1.RELEASE.jar;C:\Users\yeison.gomez\.gradle\caches\modules-2\files-2.1\com.h2database\h2\1.4.197\bb391050048ca8ae3e32451b5a3714ecd3596a46\h2-1.4.197.jar;C:\Users\yeison.gomez\.gradle\caches\modules-2\files-2.1\org.springframework.boot\spring-boot-starter-test\2.0.1.RELEASE\d6204ede44fa7e1df01d25509837bfa4b767fa28\spring-boot-starter-test-2.0.1.RELEASE.jar;C:\Users\yeison.gomez\.gradle\caches\modules-2\files-2.1\io.projectreactor\reactor-test\3.1.6.RELEASE\b10dfd54bf66627fa9ba36e85e9b49b1987e1f48\reactor-test-3.1.6.RELEASE.jar;C:\Users\yeison.gomez\.gradle\caches\modules-2\files-2.1\org.springframework.boot\spring-boot-starter-aop\2.0.1.RELEASE\c7f7b5b5e63edca2fb04899d13d8bad83377b4b3\spring-boot-starter-aop-2.0.1.RELEASE.jar;C:\Users\yeison.gomez\.gradle\caches\modules-2\files-2.1\org.springframework.boot\spring-boot-starter-jdbc\2.0.1.RELEASE\a22a7ac74388118938bfcd894318cd0c5a7c380b\spring-boot-starter-jdbc-2.0.1.RELEASE.jar;C:\Users\yeison.gomez\.gradle\caches\modules-2\files-2.1\org.springframework.boot\spring-boot-starter-json\2.0.1.RELEASE\f2e1aeeb1ac02bfa1b4f7254633484af1866fc65\spring-boot-starter-json-2.0.1.RELEASE.jar;C:\Users\yeison.gomez\.gradle\caches\modules-2\files-2.1\org.springframework.boot\spring-boot-starter-validation\2.0.1.RELEASE\8bdee168ba3b96657733537f1541bc536b9c0520\spring-boot-starter-validation-2.0.1.RELEASE.jar;C:\Users\yeison.gomez\.gradle\caches\modules-2\files-2.1\org.springframework.boot\spring-boot-starter\2.0.1.RELEASE\33abc1286b0aabea4f08ff4285d09e587835a716\spring-boot-starter-2.0.1.RELEASE.jar;C:\Users\yeison.gomez\.gradle\caches\modules-2\files-2.1\org.hibernate\hibernate-core\5.2.16.Final\c169565556721e21e9bdc193a3e8e25160a45468\hibernate-core-5.2.16.Final.jar;C:\Users\yeison.gomez\.gradle\caches\modules-2\files-2.1\javax.transaction\javax.transaction-api\1.2\d81aff979d603edd90dcd8db2abc1f4ce6479e3e\javax.transaction-api-1.2.jar;C:\Users\yeison.gomez\.gradle\caches\modules-2\files-2.1\org.springframework.data\spring-data-jpa\2.0.6.RELEASE\2c683dfbd06551bfd6cc7e05f9d13f5c54c79ba\spring-data-jpa-2.0.6.RELEASE.jar;C:\Users\yeison.gomez\.gradle\caches\modules-2\files-2.1\org.springframework\spring-aspects\5.0.5.RELEASE\34994566374425cfdf82634720b010ed20be512d\spring-aspects-5.0.5.RELEASE.jar;C:\Users\yeison.gomez\.gradle\caches\modules-2\files-2.1\org.springframework.boot\spring-boot-starter-tomcat\2.0.1.RELEASE\4b46f4aaff6c8a5a1c8184996d5e9e8a9354db8d\spring-boot-starter-tomcat-2.0.1.RELEASE.jar;C:\Users\yeison.gomez\.gradle\caches\modules-2\files-2.1\org.glassfish.jersey.ext\jersey-spring4\2.26\e5f2654b343c31078d9b5c8a4f43b838b320099f\jersey-spring4-2.26.jar;C:\Users\yeison.gomez\.gradle\caches\modules-2\files-2.1\org.springframework\spring-webmvc\5.0.5.RELEASE\a7fd53c7ad06b0fa7dd4ff347de1b2dc508739e\spring-webmvc-5.0.5.RELEASE.jar;C:\Users\yeison.gomez\.gradle\caches\modules-2\files-2.1\org.springframework\spring-webflux\5.0.5.RELEASE\17cfbf7e5314bb2e8176f45443131ff565beb5e4\spring-webflux-5.0.5.RELEASE.jar;C:\Users\yeison.gomez\.gradle\caches\modules-2\files-2.1\org.springframework\spring-web\5.0.5.RELEASE\d51dbb5cabe72ae02e400577bac48f7fc94088de\spring-web-5.0.5.RELEASE.jar;C:\Users\yeison.gomez\.gradle\caches\modules-2\files-2.1\org.glassfish.jersey.containers\jersey-container-servlet\2.26\8723d05d1fe2fdda54d0921836ea5daa5abe5f00\jersey-container-servlet-2.26.jar;C:\Users\yeison.gomez\.gradle\caches\modules-2\files-2.1\org.glassfish.jersey.containers\jersey-container-servlet-core\2.26\66a0d51facf1e49e2353ff0d2a2d4a9e2fa3f836\jersey-container-servlet-core-2.26.jar;C:\Users\yeison.gomez\.gradle\caches\modules-2\files-2.1\org.glassfish.jersey.ext\jersey-bean-validation\2.26\33747b4e8a07c53550ee1cbe7fc4321600842c5a\jersey-bean-validation-2.26.jar;C:\Users\yeison.gomez\.gradle\caches\modules-2\files-2.1\org.glassfish.jersey.core\jersey-server\2.26\aa8eff3d591641dadd7c9880bb73b59bf46d4c82\jersey-server-2.26.jar;C:\Users\yeison.gomez\.gradle\caches\modules-2\files-2.1\org.glassfish.jersey.media\jersey-media-json-jackson\2.26\ce3109479991527107921ca5e7943a6e7e20db80\jersey-media-json-jackson-2.26.jar;C:\Users\yeison.gomez\.gradle\caches\modules-2\files-2.1\org.hibernate.validator\hibernate-validator\6.0.9.Final\b149e4cce82379f11f6129eb3187ca8ae5404005\hibernate-validator-6.0.9.Final.jar;C:\Users\yeison.gomez\.gradle\caches\modules-2\files-2.1\org.springframework.boot\spring-boot-starter-reactor-netty\2.0.1.RELEASE\36ad0a17391082ea9aab1d35c827af6f16379abd\spring-boot-starter-reactor-netty-2.0.1.RELEASE.jar;C:\Users\yeison.gomez\.gradle\caches\modules-2\files-2.1\org.synchronoss.cloud\nio-multipart-parser\1.1.0\c6c417fec6612584b1c34d4dd98c5a4e47e8c754\nio-multipart-parser-1.1.0.jar;C:\Users\yeison.gomez\.gradle\caches\modules-2\files-2.1\org.springframework.boot\spring-boot-test-autoconfigure\2.0.1.RELEASE\c7a68c07f2a04323a67740f91d20818ec2e783b3\spring-boot-test-autoconfigure-2.0.1.RELEASE.jar;C:\Users\yeison.gomez\.gradle\caches\modules-2\files-2.1\org.springframework.boot\spring-boot-test\2.0.1.RELEASE\77cede07b0e9da6c87d0dabcfe3e53ac56747d73\spring-boot-test-2.0.1.RELEASE.jar;C:\Users\yeison.gomez\.gradle\caches\modules-2\files-2.1\com.jayway.jsonpath\json-path\2.4.0\765a4401ceb2dc8d40553c2075eb80a8fa35c2ae\json-path-2.4.0.jar;C:\Users\yeison.gomez\.gradle\caches\modules-2\files-2.1\junit\junit\4.12\2973d150c0dc1fefe998f834810d68f278ea58ec\junit-4.12.jar;C:\Users\yeison.gomez\.gradle\caches\modules-2\files-2.1\org.assertj\assertj-core\3.9.1\c5ce126b15f28d56cd8f960c1a6a058b9c9aea87\assertj-core-3.9.1.jar;C:\Users\yeison.gomez\.gradle\caches\modules-2\files-2.1\org.mockito\mockito-core\2.15.0\b84bfbbc29cd22c9529409627af6ea2897f4fa85\mockito-core-2.15.0.jar;C:\Users\yeison.gomez\.gradle\caches\modules-2\files-2.1\org.hamcrest\hamcrest-library\1.3\4785a3c21320980282f9f33d0d1264a69040538f\hamcrest-library-1.3.jar;C:\Users\yeison.gomez\.gradle\caches\modules-2\files-2.1\org.hamcrest\hamcrest-core\1.3\42a25dc3219429f0e5d060061f71acb49bf010a0\hamcrest-core-1.3.jar;C:\Users\yeison.gomez\.gradle\caches\modules-2\files-2.1\org.skyscreamer\jsonassert\1.5.0\6c9d5fe2f59da598d9aefc1cfc6528ff3cf32df3\jsonassert-1.5.0.jar;C:\Users\yeison.gomez\.gradle\caches\modules-2\files-2.1\org.springframework\spring-test\5.0.5.RELEASE\f7e3b83447e54056a91de1294ae6888343648dff\spring-test-5.0.5.RELEASE.jar;C:\Users\yeison.gomez\.gradle\caches\modules-2\files-2.1\org.springframework.boot\spring-boot-autoconfigure\2.0.1.RELEASE\b0bf9d34ed70c6987a86cd58a009065e5fa02545\spring-boot-autoconfigure-2.0.1.RELEASE.jar;C:\Users\yeison.gomez\.gradle\caches\modules-2\files-2.1\org.springframework.boot\spring-boot\2.0.1.RELEASE\b8c5b14cbb0e52fdded8f98a8c1493cc74c7cf59\spring-boot-2.0.1.RELEASE.jar;C:\Users\yeison.gomez\.gradle\caches\modules-2\files-2.1\org.springframework\spring-orm\5.0.5.RELEASE\6734f5ef4c2ebf1d00021fd4b314138f10792174\spring-orm-5.0.5.RELEASE.jar;C:\Users\yeison.gomez\.gradle\caches\modules-2\files-2.1\org.springframework\spring-jdbc\5.0.5.RELEASE\456bc4d2281c37aa2f2206651a3048a1d3559d2a\spring-jdbc-5.0.5.RELEASE.jar;C:\Users\yeison.gomez\.gradle\caches\modules-2\files-2.1\org.springframework.data\spring-data-commons\2.0.6.RELEASE\4d65fdcbe258961e866f4f85c87c13193bbfd18c\spring-data-commons-2.0.6.RELEASE.jar;C:\Users\yeison.gomez\.gradle\caches\modules-2\files-2.1\org.glassfish.hk2\spring-bridge\2.5.0-b42\7cedc63a9079e87b5a2685c054e61cfce8c44837\spring-bridge-2.5.0-b42.jar;C:\Users\yeison.gomez\.gradle\caches\modules-2\files-2.1\org.springframework\spring-context\5.0.5.RELEASE\9cca4bf5acb693249a01c218f471c677b951d6e2\spring-context-5.0.5.RELEASE.jar;C:\Users\yeison.gomez\.gradle\caches\modules-2\files-2.1\org.springframework\spring-tx\5.0.5.RELEASE\b772fbba533da282adc89f33e2619ee8a8bba601\spring-tx-5.0.5.RELEASE.jar;C:\Users\yeison.gomez\.gradle\caches\modules-2\files-2.1\org.springframework\spring-aop\5.0.5.RELEASE\b11b61b94d7fb752a1c9bf3461d655c3084fae47\spring-aop-5.0.5.RELEASE.jar;C:\Users\yeison.gomez\.gradle\caches\modules-2\files-2.1\org.springframework\spring-beans\5.0.5.RELEASE\984445863c0bbdaaf860615762d998b471a6bf92\spring-beans-5.0.5.RELEASE.jar;C:\Users\yeison.gomez\.gradle\caches\modules-2\files-2.1\org.springframework\spring-expression\5.0.5.RELEASE\fc6c7a95aeb7d00f4c65c338b08d97767eb0dd99\spring-expression-5.0.5.RELEASE.jar;C:\Users\yeison.gomez\.gradle\caches\modules-2\files-2.1\org.springframework\spring-core\5.0.5.RELEASE\1bd9feb1d9dac6accd27f5244b6c47cfcb55045c\spring-core-5.0.5.RELEASE.jar;C:\Users\yeison.gomez\.gradle\caches\modules-2\files-2.1\org.xmlunit\xmlunit-core\2.5.1\4ffdb346572a7356f7521cd3119ce5287d2e339d\xmlunit-core-2.5.1.jar;C:\Users\yeison.gomez\.gradle\caches\modules-2\files-2.1\io.projectreactor.ipc\reactor-netty\0.7.6.RELEASE\d425f9c97d7e73f163b5c0d4ae0f8ac9a38a0cb3\reactor-netty-0.7.6.RELEASE.jar;C:\Users\yeison.gomez\.gradle\caches\modules-2\files-2.1\io.projectreactor\reactor-core\3.1.6.RELEASE\64dfad0f0a0e9022c949d678106d53f083b66d05\reactor-core-3.1.6.RELEASE.jar;C:\Users\yeison.gomez\.gradle\caches\modules-2\files-2.1\org.springframework.boot\spring-boot-starter-logging\2.0.1.RELEASE\10681a28c95e9f9c0159327a1ed0c860517c7ad7\spring-boot-starter-logging-2.0.1.RELEASE.jar;C:\Users\yeison.gomez\.gradle\caches\modules-2\files-2.1\org.glassfish.jersey.core\jersey-client\2.26\125b8d1040d121a5dc4ce6858e21a6160bed7afa\jersey-client-2.26.jar;C:\Users\yeison.gomez\.gradle\caches\modules-2\files-2.1\org.glassfish.jersey.media\jersey-media-jaxb\2.26\791397ceb5d1c8f389664b1de3e4208c2ac1015b\jersey-media-jaxb-2.26.jar;C:\Users\yeison.gomez\.gradle\caches\modules-2\files-2.1\org.glassfish.jersey.inject\jersey-hk2\2.26\df27f7d7577acf4b532684448021632098924dab\jersey-hk2-2.26.jar;C:\Users\yeison.gomez\.gradle\caches\modules-2\files-2.1\org.glassfish.jersey.core\jersey-common\2.26\d96475745c5e72cafcbc4dc9e2e725f4d9683f21\jersey-common-2.26.jar;C:\Users\yeison.gomez\.gradle\caches\modules-2\files-2.1\org.glassfish.hk2\hk2\2.5.0-b42\adc396d57e9cada50f57d32cdabaf31a20a758d\hk2-2.5.0-b42.jar;C:\Users\yeison.gomez\.gradle\caches\modules-2\files-2.1\org.glassfish.hk2\config-types\2.5.0-b42\3e927a0624955d10bec3eb5424a1e6ca3d5f92ae\config-types-2.5.0-b42.jar;C:\Users\yeison.gomez\.gradle\caches\modules-2\files-2.1\org.glassfish.hk2\hk2-config\2.5.0-b42\de522871d987e2bf502753c807461f9ee805f6bd\hk2-config-2.5.0-b42.jar;C:\Users\yeison.gomez\.gradle\caches\modules-2\files-2.1\org.glassfish.hk2\hk2-core\2.5.0-b42\7a4954663f1b65b1938fd275b34bbf1e23965381\hk2-core-2.5.0-b42.jar;C:\Users\yeison.gomez\.gradle\caches\modules-2\files-2.1\org.glassfish.hk2\hk2-runlevel\2.5.0-b42\6502d8997ac961f0d2d16d90e838d25626c1a37b\hk2-runlevel-2.5.0-b42.jar;C:\Users\yeison.gomez\.gradle\caches\modules-2\files-2.1\org.glassfish.hk2\hk2-locator\2.5.0-b42\9d6edc0cb226401a8316e67d81bfc37cb626ef91\hk2-locator-2.5.0-b42.jar;C:\Users\yeison.gomez\.gradle\caches\modules-2\files-2.1\org.glassfish.hk2\hk2-api\2.5.0-b42\7fd4e3d0f2cb37c80ad0dedee3f5ee69503eaf52\hk2-api-2.5.0-b42.jar;C:\Users\yeison.gomez\.gradle\caches\modules-2\files-2.1\org.glassfish.hk2\hk2-utils\2.5.0-b42\102a344e1728825e865a8986d7605602aba3c3b6\hk2-utils-2.5.0-b42.jar;C:\Users\yeison.gomez\.gradle\caches\modules-2\files-2.1\javax.annotation\javax.annotation-api\1.3.2\934c04d3cfef185a8008e7bf34331b79730a9d43\javax.annotation-api-1.3.2.jar;C:\Users\yeison.gomez\.gradle\caches\modules-2\files-2.1\org.yaml\snakeyaml\1.19\2d998d3d674b172a588e54ab619854d073f555b5\snakeyaml-1.19.jar;C:\Users\yeison.gomez\.gradle\caches\modules-2\files-2.1\org.aspectj\aspectjweaver\1.8.13\ad94df2a28d658a40dc27bbaff6a1ce5fbf04e9b\aspectjweaver-1.8.13.jar;C:\Users\yeison.gomez\.gradle\caches\modules-2\files-2.1\com.zaxxer\HikariCP\2.7.8\4a3a604fa2efa89621aa498d04e000b2bed90c39\HikariCP-2.7.8.jar;C:\Users\yeison.gomez\.gradle\caches\modules-2\files-2.1\org.hibernate.common\hibernate-commons-annotations\5.0.1.Final\71e1cff3fcb20d3b3af4f3363c3ddb24d33c6879\hibernate-commons-annotations-5.0.1.Final.jar;C:\Users\yeison.gomez\.gradle\caches\modules-2\files-2.1\org.jboss.logging\jboss-logging\3.3.2.Final\3789d00e859632e6c6206adc0c71625559e6e3b0\jboss-logging-3.3.2.Final.jar;C:\Users\yeison.gomez\.gradle\caches\modules-2\files-2.1\org.hibernate.javax.persistence\hibernate-jpa-2.1-api\1.0.0.Final\5e731d961297e5a07290bfaf3db1fbc8bbbf405a\hibernate-jpa-2.1-api-1.0.0.Final.jar;C:\Users\yeison.gomez\.gradle\caches\modules-2\files-2.1\org.javassist\javassist\3.22.0-GA\3e83394258ae2089be7219b971ec21a8288528ad\javassist-3.22.0-GA.jar;C:\Users\yeison.gomez\.gradle\caches\modules-2\files-2.1\antlr\antlr\2.7.7\83cd2cd674a217ade95a4bb83a8a14f351f48bd0\antlr-2.7.7.jar;C:\Users\yeison.gomez\.gradle\caches\modules-2\files-2.1\org.jboss\jandex\2.0.3.Final\bfc4d6257dbff7a33a357f0de116be6ff951d849\jandex-2.0.3.Final.jar;C:\Users\yeison.gomez\.gradle\caches\modules-2\files-2.1\com.fasterxml\classmate\1.3.4\3d5f48f10bbe4eb7bd862f10c0583be2e0053c6\classmate-1.3.4.jar;C:\Users\yeison.gomez\.gradle\caches\modules-2\files-2.1\dom4j\dom4j\1.6.1\5d3ccc056b6f056dbf0dddfdf43894b9065a8f94\dom4j-1.6.1.jar;C:\Users\yeison.gomez\.gradle\caches\modules-2\files-2.1\org.synchronoss.cloud\nio-stream-storage\1.1.3\986dba5f6e5eed20f0dba6ddc8e8a64a9ebdc2f3\nio-stream-storage-1.1.3.jar;C:\Users\yeison.gomez\.gradle\caches\modules-2\files-2.1\ch.qos.logback\logback-classic\1.2.3\7c4f3c474fb2c041d8028740440937705ebb473a\logback-classic-1.2.3.jar;C:\Users\yeison.gomez\.gradle\caches\modules-2\files-2.1\org.apache.logging.log4j\log4j-to-slf4j\2.10.0\f7e631ccf49cfc0aefa4a2a728da7d374c05bd3c\log4j-to-slf4j-2.10.0.jar;C:\Users\yeison.gomez\.gradle\caches\modules-2\files-2.1\org.slf4j\jul-to-slf4j\1.7.25\af5364cd6679bfffb114f0dec8a157aaa283b76\jul-to-slf4j-1.7.25.jar;C:\Users\yeison.gomez\.gradle\caches\modules-2\files-2.1\org.slf4j\slf4j-api\1.7.25\da76ca59f6a57ee3102f8f9bd9cee742973efa8a\slf4j-api-1.7.25.jar;C:\Users\yeison.gomez\.gradle\caches\modules-2\files-2.1\com.fasterxml.jackson.datatype\jackson-datatype-jdk8\2.9.5\23e37f085279ba316c0df923513b81609e1d1f6\jackson-datatype-jdk8-2.9.5.jar;C:\Users\yeison.gomez\.gradle\caches\modules-2\files-2.1\com.fasterxml.jackson.datatype\jackson-datatype-jsr310\2.9.5\d1f0d11e816bc04e222a261106ca138801841c2d\jackson-datatype-jsr310-2.9.5.jar;C:\Users\yeison.gomez\.gradle\caches\modules-2\files-2.1\com.fasterxml.jackson.module\jackson-module-parameter-names\2.9.5\f824c60751ffb7bfc3a0d30dfe0e42317d8e67f5\jackson-module-parameter-names-2.9.5.jar;C:\Users\yeison.gomez\.gradle\caches\modules-2\files-2.1\com.fasterxml.jackson.module\jackson-module-jaxb-annotations\2.9.5\187555dec071c79f1cf797cb0862c06bd02fafd6\jackson-module-jaxb-annotations-2.9.5.jar;C:\Users\yeison.gomez\.gradle\caches\modules-2\files-2.1\com.fasterxml.jackson.core\jackson-databind\2.9.5\3490508379d065fe3fcb80042b62f630f7588606\jackson-databind-2.9.5.jar;C:\Users\yeison.gomez\.gradle\caches\modules-2\files-2.1\org.apache.tomcat.embed\tomcat-embed-websocket\8.5.29\37786f4ca8a1597a91a0f437e659a76d1fcc5bf1\tomcat-embed-websocket-8.5.29.jar;C:\Users\yeison.gomez\.gradle\caches\modules-2\files-2.1\org.apache.tomcat.embed\tomcat-embed-core\8.5.29\51eac5adde4bc019261b787cb99e5548206908e6\tomcat-embed-core-8.5.29.jar;C:\Users\yeison.gomez\.gradle\caches\modules-2\files-2.1\org.apache.tomcat.embed\tomcat-embed-el\8.5.29\893fb2c87ec1aa248a7911d76c0c06b3fca6bc9b\tomcat-embed-el-8.5.29.jar;C:\Users\yeison.gomez\.gradle\caches\modules-2\files-2.1\org.glassfish.jersey.ext\jersey-entity-filtering\2.26\a8ea15c9cd0bd8b090dbbf0f0e43aa39604f3433\jersey-entity-filtering-2.26.jar;C:\Users\yeison.gomez\.gradle\caches\modules-2\files-2.1\javax.ws.rs\javax.ws.rs-api\2.1\426a0862406536e690c7caa8bb6ed32191986fac\javax.ws.rs-api-2.1.jar;C:\Users\yeison.gomez\.gradle\caches\modules-2\files-2.1\javax.validation\validation-api\2.0.1.Final\cb855558e6271b1b32e716d24cb85c7f583ce09e\validation-api-2.0.1.Final.jar;C:\Users\yeison.gomez\.gradle\caches\modules-2\files-2.1\com.fasterxml.jackson.core\jackson-annotations\2.9.0\7c10d545325e3a6e72e06381afe469fd40eb701\jackson-annotations-2.9.0.jar;C:\Users\yeison.gomez\.gradle\caches\modules-2\files-2.1\net.minidev\json-smart\2.3\7396407491352ce4fa30de92efb158adb76b5b\json-smart-2.3.jar;C:\Users\yeison.gomez\.gradle\caches\modules-2\files-2.1\net.bytebuddy\byte-buddy\1.7.11\f02857a4e2c66ccbe7aaad6100a0a6c461bce9b3\byte-buddy-1.7.11.jar;C:\Users\yeison.gomez\.gradle\caches\modules-2\files-2.1\net.bytebuddy\byte-buddy-agent\1.7.11\b425a8933ca07edd03c6dbc8bc3b595fba9780de\byte-buddy-agent-1.7.11.jar;C:\Users\yeison.gomez\.gradle\caches\modules-2\files-2.1\org.objenesis\objenesis\2.6\639033469776fd37c08358c6b92a4761feb2af4b\objenesis-2.6.jar;C:\Users\yeison.gomez\.gradle\caches\modules-2\files-2.1\com.vaadin.external.google\android-json\0.0.20131108.vaadin1\fa26d351fe62a6a17f5cda1287c1c6110dec413f\android-json-0.0.20131108.vaadin1.jar;C:\Users\yeison.gomez\.gradle\caches\modules-2\files-2.1\org.springframework\spring-jcl\5.0.5.RELEASE\f4a2854b9d865e8b86717595aec16f877f8c6489\spring-jcl-5.0.5.RELEASE.jar;C:\Users\yeison.gomez\.gradle\caches\modules-2\files-2.1\org.reactivestreams\reactive-streams\1.0.2\323964c36556eb0e6209f65c1cef72b53b461ab8\reactive-streams-1.0.2.jar;C:\Users\yeison.gomez\.gradle\caches\modules-2\files-2.1\com.fasterxml.jackson.core\jackson-core\2.9.5\a22ac51016944b06fd9ffbc9541c6e7ce5eea117\jackson-core-2.9.5.jar;C:\Users\yeison.gomez\.gradle\caches\modules-2\files-2.1\org.glassfish.hk2\osgi-resource-locator\1.0.1\4ed2b2d4738aed5786cfa64cba5a332779c4c708\osgi-resource-locator-1.0.1.jar;C:\Users\yeison.gomez\.gradle\caches\modules-2\files-2.1\org.glassfish.hk2\class-model\2.5.0-b42\a9824e8ed9748f3622394d6d32098cc1bb2a0ea1\class-model-2.5.0-b42.jar;C:\Users\yeison.gomez\.gradle\caches\modules-2\files-2.1\io.netty\netty-handler-proxy\4.1.23.Final\9da61616993d003fbf684e06542b68aa8d93abee\netty-handler-proxy-4.1.23.Final.jar;C:\Users\yeison.gomez\.gradle\caches\modules-2\files-2.1\io.netty\netty-codec-http\4.1.23.Final\47cc15932619fd831aaa67fb0968532636ab435a\netty-codec-http-4.1.23.Final.jar;C:\Users\yeison.gomez\.gradle\caches\modules-2\files-2.1\io.netty\netty-handler\4.1.23.Final\a6314d244dd11db14249dc2d492e8dd3eec4cdb1\netty-handler-4.1.23.Final.jar;C:\Users\yeison.gomez\.gradle\caches\modules-2\files-2.1\io.netty\netty-transport-native-epoll\4.1.23.Final\8a8ad56081c66bb74362d5cc0a3cd620874ef1da\netty-transport-native-epoll-4.1.23.Final.jar;C:\Users\yeison.gomez\.gradle\caches\modules-2\files-2.1\net.minidev\accessors-smart\1.2\c592b500269bfde36096641b01238a8350f8aa31\accessors-smart-1.2.jar;C:\Users\yeison.gomez\.gradle\caches\modules-2\files-2.1\ch.qos.logback\logback-core\1.2.3\864344400c3d4d92dfeb0a305dc87d953677c03c\logback-core-1.2.3.jar;C:\Users\yeison.gomez\.gradle\caches\modules-2\files-2.1\org.apache.logging.log4j\log4j-api\2.10.0\fec5797a55b786184a537abd39c3fa1449d752d6\log4j-api-2.10.0.jar;C:\Users\yeison.gomez\.gradle\caches\modules-2\files-2.1\org.glassfish.hk2.external\aopalliance-repackaged\2.5.0-b42\e74beab6ca12e9e745eb47ca61729d9452b96f0c\aopalliance-repackaged-2.5.0-b42.jar;C:\Users\yeison.gomez\.gradle\caches\modules-2\files-2.1\javax.inject\javax.inject\1\6975da39a7040257bd51d21a231b76c915872d38\javax.inject-1.jar;C:\Users\yeison.gomez\.gradle\caches\modules-2\files-2.1\org.glassfish.hk2.external\asm-all-repackaged\2.5.0-b42\3afd5d4f63116e8c00b430f32092282e5e475ce8\asm-all-repackaged-2.5.0-b42.jar;C:\Users\yeison.gomez\.gradle\caches\modules-2\files-2.1\io.netty\netty-codec-socks\4.1.23.Final\db99145403f5e375faa347f8bd150c2079833a55\netty-codec-socks-4.1.23.Final.jar;C:\Users\yeison.gomez\.gradle\caches\modules-2\files-2.1\io.netty\netty-codec\4.1.23.Final\d6599803bfefbe9a3e226702faade5df0cb678d1\netty-codec-4.1.23.Final.jar;C:\Users\yeison.gomez\.gradle\caches\modules-2\files-2.1\io.netty\netty-transport-native-unix-common\4.1.23.Final\acb1d48526d42a0376852d1c242d48112123e745\netty-transport-native-unix-common-4.1.23.Final.jar;C:\Users\yeison.gomez\.gradle\caches\modules-2\files-2.1\io.netty\netty-transport\4.1.23.Final\80dfcc723083e23058878ddbc33f5fb0ce9ec9e9\netty-transport-4.1.23.Final.jar;C:\Users\yeison.gomez\.gradle\caches\modules-2\files-2.1\io.netty\netty-buffer\4.1.23.Final\c6c0705bbd5d68aebc2d5fdd48e9dda8a8ad6d3\netty-buffer-4.1.23.Final.jar;C:\Users\yeison.gomez\.gradle\caches\modules-2\files-2.1\io.netty\netty-resolver\4.1.23.Final\19adaf9ad6833da7506cdccc7c6d16952f366fa5\netty-resolver-4.1.23.Final.jar;C:\Users\yeison.gomez\.gradle\caches\modules-2\files-2.1\io.netty\netty-common\4.1.23.Final\387b1b9d0441646a5cf84eace2b3e15dd07aca47\netty-common-4.1.23.Final.jar;C:\Users\yeison.gomez\.gradle\caches\modules-2\files-2.1\org.ow2.asm\asm\5.0.4\da08b8cce7bbf903602a25a3a163ae252435795\asm-5.0.4.jar, user.name=yeison.gomez, java.vm.specification.version=1.8, sun.java.command=worker.org.gradle.process.internal.worker.GradleWorkerMain 'Gradle Test Executor 1', java.home=C:\Program Files\Java\jdk1.8.0_171\jre, sun.arch.data.model=64, user.language=en, java.specification.vendor=Oracle Corporation, awt.toolkit=sun.awt.windows.WToolkit, java.vm.info=mixed mode, java.version=1.8.0_171, java.ext.dirs=C:\Program Files\Java\jdk1.8.0_171\jre\lib\ext;C:\Windows\Sun\Java\lib\ext, sun.boot.class.path=C:\Program Files\Java\jdk1.8.0_171\jre\lib\resources.jar;C:\Program Files\Java\jdk1.8.0_171\jre\lib\rt.jar;C:\Program Files\Java\jdk1.8.0_171\jre\lib\sunrsasign.jar;C:\Program Files\Java\jdk1.8.0_171\jre\lib\jsse.jar;C:\Program Files\Java\jdk1.8.0_171\jre\lib\jce.jar;C:\Program Files\Java\jdk1.8.0_171\jre\lib\charsets.jar;C:\Program Files\Java\jdk1.8.0_171\jre\lib\jfr.jar;C:\Program Files\Java\jdk1.8.0_171\jre\classes, java.vendor=Oracle Corporation, org.gradle.test.worker=1, file.separator=\, java.vendor.url.bug=http://bugreport.sun.com/bugreport/, sun.io.unicode.encoding=UnicodeLittle, sun.cpu.endian=little, sun.desktop=windows, sun.cpu.isalist=amd64}}, SystemEnvironmentPropertySource@1964830958 {name='systemEnvironment', properties={USERDOMAIN_ROAMINGPROFILE=CEIBA, LOCALAPPDATA=C:\Users\yeison.gomez\AppData\Local, PROCESSOR_LEVEL=6, USERDOMAIN=CEIBA, FPS_BROWSER_APP_PROFILE_STRING=Internet Explorer, LOGONSERVER=\\CRONOS, JAVA_HOME=C:\Program Files\Java\jdk1.8.0_171, SESSIONNAME=Console, ALLUSERSPROFILE=C:\ProgramData, PROCESSOR_ARCHITECTURE=AMD64, GRADLE_HOME=D:\Development\Plugins\gradle-4.7, PSModulePath=C:\Program Files\WindowsPowerShell\Modules;C:\Windows\system32\WindowsPowerShell\v1.0\Modules, SystemDrive=C:, OneDrive=C:\Users\yeison.gomez\OneDrive, APPDATA=C:\Users\yeison.gomez\AppData\Roaming, USERNAME=yeison.gomez, USERDNSDOMAIN=CEIBA.LOCAL, ProgramFiles(x86)=C:\Program Files (x86), CommonProgramFiles=C:\Program Files\Common Files, Path=C:/Program Files/Java/jre1.8.0_171/bin/server;C:/Program Files/Java/jre1.8.0_171/bin;C:/Program Files/Java/jre1.8.0_171/lib/amd64;C:\Program Files (x86)\Common Files\Oracle\Java\javapath;C:\Oracle\product\11.1.0\client_1\bin;C:\Program Files\CollabNet\Subversion Client;C:\Windows\system32;C:\Windows;C:\Windows\System32\Wbem;C:\Windows\System32\WindowsPowerShell\v1.0\;C:\Program Files\TortoiseSVN\bin;C:\Program Files (x86)\ATI Technologies\ATI.ACE\Core-Static;C:\Program Files\Git\cmd;C:\Program Files\PuTTY\;C:\Users\yeison.gomez\AppData\Local\Microsoft\WindowsApps;C:\Program Files\Java\jdk1.8.0_171\bin;D:\Development\Plugins\gradle-4.7\bin;;C:\eclipse;, FPS_BROWSER_USER_PROFILE_STRING=Default, PATHEXT=.COM;.EXE;.BAT;.CMD;.VBS;.VBE;.JS;.JSE;.WSF;.WSH;.MSC, OS=Windows_NT, COMPUTERNAME=YEISON-GOMEZ, PROCESSOR_REVISION=3c03, CommonProgramW6432=C:\Program Files\Common Files, ComSpec=C:\Windows\system32\cmd.exe, ProgramData=C:\ProgramData, ProgramW6432=C:\Program Files, HOMEPATH=\Users\yeison.gomez, SystemRoot=C:\Windows, TEMP=C:\Users\YEISON~1.GOM\AppData\Local\Temp, HOMEDRIVE=C:, PROCESSOR_IDENTIFIER=Intel64 Family 6 Model 60 Stepping 3, GenuineIntel, USERPROFILE=C:\Users\yeison.gomez, TMP=C:\Users\YEISON~1.GOM\AppData\Local\Temp, CommonProgramFiles(x86)=C:\Program Files (x86)\Common Files, ProgramFiles=C:\Program Files, PUBLIC=C:\Users\Public, NUMBER_OF_PROCESSORS=4, windir=C:\Windows, =::=::\}}]
08:37:33.146 [Test worker] DEBUG org.springframework.core.io.support.PathMatchingResourcePatternResolver - Resolved classpath location [co/com/ParqueaderoCeibaADN/] to resources [URL [file:/D:/Development/Eclipse/ParqueaderoCeibaADN/build/classes/java/test/co/com/ParqueaderoCeibaADN/], URL [file:/D:/Development/Eclipse/ParqueaderoCeibaADN/build/classes/java/main/co/com/ParqueaderoCeibaADN/]]
08:37:33.147 [Test worker] DEBUG org.springframework.core.io.support.PathMatchingResourcePatternResolver - Looking for matching resources in directory tree [D:\Development\Eclipse\ParqueaderoCeibaADN\build\classes\java\test\co\com\ParqueaderoCeibaADN]
08:37:33.149 [Test worker] DEBUG org.springframework.core.io.support.PathMatchingResourcePatternResolver - Searching directory [D:\Development\Eclipse\ParqueaderoCeibaADN\build\classes\java\test\co\com\ParqueaderoCeibaADN] for files matching pattern [D:/Development/Eclipse/ParqueaderoCeibaADN/build/classes/java/test/co/com/ParqueaderoCeibaADN/*.class]
08:37:33.154 [Test worker] DEBUG org.springframework.core.io.support.PathMatchingResourcePatternResolver - Looking for matching resources in directory tree [D:\Development\Eclipse\ParqueaderoCeibaADN\build\classes\java\main\co\com\ParqueaderoCeibaADN]
08:37:33.156 [Test worker] DEBUG org.springframework.core.io.support.PathMatchingResourcePatternResolver - Searching directory [D:\Development\Eclipse\ParqueaderoCeibaADN\build\classes\java\main\co\com\ParqueaderoCeibaADN] for files matching pattern [D:/Development/Eclipse/ParqueaderoCeibaADN/build/classes/java/main/co/com/ParqueaderoCeibaADN/*.class]
08:37:33.158 [Test worker] DEBUG org.springframework.core.io.support.PathMatchingResourcePatternResolver - Resolved location pattern [classpath*:co/com/ParqueaderoCeibaADN/*.class] to resources [file [D:\Development\Eclipse\ParqueaderoCeibaADN\build\classes\java\test\co\com\ParqueaderoCeibaADN\ParqueaderoCeibaAdnApplicationTests.class], file [D:\Development\Eclipse\ParqueaderoCeibaADN\build\classes\java\main\co\com\ParqueaderoCeibaADN\ParqueaderoCeibaAdnApplication.class]]
08:37:33.274 [Test worker] DEBUG org.springframework.context.annotation.ClassPathScanningCandidateComponentProvider - Identified candidate component class: file [D:\Development\Eclipse\ParqueaderoCeibaADN\build\classes\java\main\co\com\ParqueaderoCeibaADN\ParqueaderoCeibaAdnApplication.class]
08:37:33.277 [Test worker] INFO org.springframework.boot.test.context.SpringBootTestContextBootstrapper - Found @SpringBootConfiguration co.com.ParqueaderoCeibaADN.ParqueaderoCeibaAdnApplication for test class co.com.ParqueaderoCeibaADN.ParqueaderoCeibaAdnApplicationTests
08:37:33.568 [Test worker] DEBUG org.springframework.boot.test.context.SpringBootTestContextBootstrapper - @TestExecutionListeners is not present for class [co.com.ParqueaderoCeibaADN.ParqueaderoCeibaAdnApplicationTests]: using defaults.
08:37:33.569 [Test worker] INFO org.springframework.boot.test.context.SpringBootTestContextBootstrapper - Loaded default TestExecutionListener class names from location [META-INF/spring.factories]: [org.springframework.boot.test.autoconfigure.restdocs.RestDocsTestExecutionListener, org.springframework.boot.test.autoconfigure.web.client.MockRestServiceServerResetTestExecutionListener, org.springframework.boot.test.autoconfigure.web.servlet.MockMvcPrintOnlyOnFailureTestExecutionListener, org.springframework.boot.test.autoconfigure.web.servlet.WebDriverTestExecutionListener, org.springframework.boot.test.mock.mockito.MockitoTestExecutionListener, org.springframework.boot.test.mock.mockito.ResetMocksTestExecutionListener, org.springframework.test.context.web.ServletTestExecutionListener, org.springframework.test.context.support.DirtiesContextBeforeModesTestExecutionListener, org.springframework.test.context.support.DependencyInjectionTestExecutionListener, org.springframework.test.context.support.DirtiesContextTestExecutionListener, org.springframework.test.context.transaction.TransactionalTestExecutionListener, org.springframework.test.context.jdbc.SqlScriptsTestExecutionListener]
08:37:33.799 [Test worker] INFO org.springframework.boot.test.context.SpringBootTestContextBootstrapper - Using TestExecutionListeners: [org.springframework.test.context.web.ServletTestExecutionListener@8af891c, org.springframework.test.context.support.DirtiesContextBeforeModesTestExecutionListener@690e8ea0, org.springframework.boot.test.mock.mockito.MockitoTestExecutionListener@3be7068e, org.springframework.boot.test.autoconfigure.SpringBootDependencyInjectionTestExecutionListener@124f7d42, org.springframework.test.context.support.DirtiesContextTestExecutionListener@66dcf17e, org.springframework.test.context.transaction.TransactionalTestExecutionListener@7bba088b, org.springframework.test.context.jdbc.SqlScriptsTestExecutionListener@786aa204, org.springframework.boot.test.autoconfigure.restdocs.RestDocsTestExecutionListener@11a66526, org.springframework.boot.test.autoconfigure.web.client.MockRestServiceServerResetTestExecutionListener@1070316d, org.springframework.boot.test.autoconfigure.web.servlet.MockMvcPrintOnlyOnFailureTestExecutionListener@3b258db8, org.springframework.boot.test.autoconfigure.web.servlet.WebDriverTestExecutionListener@1672725a, org.springframework.boot.test.mock.mockito.ResetMocksTestExecutionListener@34dfaae7]
08:37:33.804 [Test worker] DEBUG org.springframework.test.annotation.ProfileValueUtils - Retrieved @ProfileValueSourceConfiguration [null] for test class [co.com.ParqueaderoCeibaADN.ParqueaderoCeibaAdnApplicationTests]
08:37:33.805 [Test worker] DEBUG org.springframework.test.annotation.ProfileValueUtils - Retrieved ProfileValueSource type [class org.springframework.test.annotation.SystemProfileValueSource] for class [co.com.ParqueaderoCeibaADN.ParqueaderoCeibaAdnApplicationTests]
08:37:33.806 [Test worker] DEBUG org.springframework.test.annotation.ProfileValueUtils - Retrieved @ProfileValueSourceConfiguration [null] for test class [co.com.ParqueaderoCeibaADN.ParqueaderoCeibaAdnApplicationTests]
08:37:33.807 [Test worker] DEBUG org.springframework.test.annotation.ProfileValueUtils - Retrieved ProfileValueSource type [class org.springframework.test.annotation.SystemProfileValueSource] for class [co.com.ParqueaderoCeibaADN.ParqueaderoCeibaAdnApplicationTests]
08:37:33.817 [Test worker] DEBUG org.springframework.test.context.support.AbstractDirtiesContextTestExecutionListener - Before test class: context [DefaultTestContext@5c47d1b8 testClass = ParqueaderoCeibaAdnApplicationTests, testInstance = [null], testMethod = [null], testException = [null], mergedContextConfiguration = [WebMergedContextConfiguration@287e8489 testClass = ParqueaderoCeibaAdnApplicationTests, locations = '{}', classes = '{class co.com.ParqueaderoCeibaADN.ParqueaderoCeibaAdnApplication}', contextInitializerClasses = '[]', activeProfiles = '{}', propertySourceLocations = '{}', propertySourceProperties = '{org.springframework.boot.test.context.SpringBootTestContextBootstrapper=true}', contextCustomizers = set[org.springframework.boot.test.autoconfigure.properties.PropertyMappingContextCustomizer@0, org.springframework.boot.test.autoconfigure.web.servlet.WebDriverContextCustomizerFactory$Customizer@6ef8dc84, org.springframework.boot.test.context.filter.ExcludeFilterContextCustomizer@15581aac, org.springframework.boot.test.json.DuplicateJsonObjectContextCustomizerFactory$DuplicateJsonObjectContextCustomizer@70f05fb7, org.springframework.boot.test.mock.mockito.MockitoContextCustomizer@0, org.springframework.boot.test.web.client.TestRestTemplateContextCustomizer@189603ff, org.springframework.boot.test.web.reactive.server.WebTestClientContextCustomizer@43bbd46c], resourceBasePath = 'src/main/webapp', contextLoader = 'org.springframework.boot.test.context.SpringBootContextLoader', parent = [null]], attributes = map['org.springframework.test.context.web.ServletTestExecutionListener.activateListener' -> true]], class annotated with @DirtiesContext [false] with mode [null].
08:37:33.818 [Test worker] DEBUG org.springframework.test.annotation.ProfileValueUtils - Retrieved @ProfileValueSourceConfiguration [null] for test class [co.com.ParqueaderoCeibaADN.ParqueaderoCeibaAdnApplicationTests]
08:37:33.819 [Test worker] DEBUG org.springframework.test.annotation.ProfileValueUtils - Retrieved ProfileValueSource type [class org.springframework.test.annotation.SystemProfileValueSource] for class [co.com.ParqueaderoCeibaADN.ParqueaderoCeibaAdnApplicationTests]
08:37:33.864 [Test worker] DEBUG org.springframework.core.env.StandardEnvironment - Adding PropertySource 'systemProperties' with lowest search precedence
08:37:33.864 [Test worker] DEBUG org.springframework.core.env.StandardEnvironment - Adding PropertySource 'systemEnvironment' with lowest search precedence
08:37:33.865 [Test worker] DEBUG org.springframework.core.env.StandardEnvironment - Initialized StandardEnvironment with PropertySources [MapPropertySource@1741723035 {name='systemProperties', properties={java.runtime.name=Java(TM) SE Runtime Environment, sun.boot.library.path=C:\Program Files\Java\jdk1.8.0_171\jre\bin, java.vm.version=25.171-b11, java.vm.vendor=Oracle Corporation, java.vendor.url=http://java.oracle.com/, path.separator=;, java.vm.name=Java HotSpot(TM) 64-Bit Server VM, file.encoding.pkg=sun.io, user.script=, sun.java.launcher=SUN_STANDARD, user.country=US, sun.os.patch.level=, java.vm.specification.name=Java Virtual Machine Specification, user.dir=D:\Development\Eclipse\ParqueaderoCeibaADN, java.runtime.version=1.8.0_171-b11, java.awt.graphicsenv=sun.awt.Win32GraphicsEnvironment, java.endorsed.dirs=C:\Program Files\Java\jdk1.8.0_171\jre\lib\endorsed, os.arch=amd64, java.io.tmpdir=C:\Users\YEISON~1.GOM\AppData\Local\Temp\, line.separator=
, java.vm.specification.vendor=Oracle Corporation, user.variant=, os.name=Windows 10, sun.jnu.encoding=Cp1252, java.library.path=C:\Program Files\Java\jdk1.8.0_171\bin;C:\Windows\Sun\Java\bin;C:\Windows\system32;C:\Windows;C:/Program Files/Java/jre1.8.0_171/bin/server;C:/Program Files/Java/jre1.8.0_171/bin;C:/Program Files/Java/jre1.8.0_171/lib/amd64;C:\Program Files (x86)\Common Files\Oracle\Java\javapath;C:\Oracle\product\11.1.0\client_1\bin;C:\Program Files\CollabNet\Subversion Client;C:\Windows\system32;C:\Windows;C:\Windows\System32\Wbem;C:\Windows\System32\WindowsPowerShell\v1.0\;C:\Program Files\TortoiseSVN\bin;C:\Program Files (x86)\ATI Technologies\ATI.ACE\Core-Static;C:\Program Files\Git\cmd;C:\Program Files\PuTTY\;C:\Users\yeison.gomez\AppData\Local\Microsoft\WindowsApps;C:\Program Files\Java\jdk1.8.0_171\bin;D:\Development\Plugins\gradle-4.7\bin;;C:\eclipse;;., java.specification.name=Java Platform API Specification, java.class.version=52.0, org.gradle.native=false, sun.management.compiler=HotSpot 64-Bit Tiered Compilers, os.version=10.0, user.home=C:\Users\yeison.gomez, user.timezone=America/Bogota, java.awt.printerjob=sun.awt.windows.WPrinterJob, file.encoding=windows-1252, java.specification.version=1.8, java.class.path=D:\Development\Eclipse\ParqueaderoCeibaADN\build\classes\java\test;D:\Development\Eclipse\ParqueaderoCeibaADN\build\resources\test;D:\Development\Eclipse\ParqueaderoCeibaADN\build\classes\java\main;D:\Development\Eclipse\ParqueaderoCeibaADN\build\resources\main;C:\Users\yeison.gomez\.gradle\caches\modules-2\files-2.1\org.springframework.boot\spring-boot-starter-data-jpa\2.0.1.RELEASE\b7c701f60073e2d2b8a8f5502dcc39d4f65f45ff\spring-boot-starter-data-jpa-2.0.1.RELEASE.jar;C:\Users\yeison.gomez\.gradle\caches\modules-2\files-2.1\org.springframework.boot\spring-boot-starter-jersey\2.0.1.RELEASE\c3072662f92fc610e7837d8b666902add0838266\spring-boot-starter-jersey-2.0.1.RELEASE.jar;C:\Users\yeison.gomez\.gradle\caches\modules-2\files-2.1\org.springframework.boot\spring-boot-starter-web\2.0.1.RELEASE\88751ed76791d12425ce5a80476baf1749a44cf4\spring-boot-starter-web-2.0.1.RELEASE.jar;C:\Users\yeison.gomez\.gradle\caches\modules-2\files-2.1\org.springframework.boot\spring-boot-starter-webflux\2.0.1.RELEASE\521e563e885bcbbe4a9ae87d2f28b96428948565\spring-boot-starter-webflux-2.0.1.RELEASE.jar;C:\Users\yeison.gomez\.gradle\caches\modules-2\files-2.1\com.h2database\h2\1.4.197\bb391050048ca8ae3e32451b5a3714ecd3596a46\h2-1.4.197.jar;C:\Users\yeison.gomez\.gradle\caches\modules-2\files-2.1\org.springframework.boot\spring-boot-starter-test\2.0.1.RELEASE\d6204ede44fa7e1df01d25509837bfa4b767fa28\spring-boot-starter-test-2.0.1.RELEASE.jar;C:\Users\yeison.gomez\.gradle\caches\modules-2\files-2.1\io.projectreactor\reactor-test\3.1.6.RELEASE\b10dfd54bf66627fa9ba36e85e9b49b1987e1f48\reactor-test-3.1.6.RELEASE.jar;C:\Users\yeison.gomez\.gradle\caches\modules-2\files-2.1\org.springframework.boot\spring-boot-starter-aop\2.0.1.RELEASE\c7f7b5b5e63edca2fb04899d13d8bad83377b4b3\spring-boot-starter-aop-2.0.1.RELEASE.jar;C:\Users\yeison.gomez\.gradle\caches\modules-2\files-2.1\org.springframework.boot\spring-boot-starter-jdbc\2.0.1.RELEASE\a22a7ac74388118938bfcd894318cd0c5a7c380b\spring-boot-starter-jdbc-2.0.1.RELEASE.jar;C:\Users\yeison.gomez\.gradle\caches\modules-2\files-2.1\org.springframework.boot\spring-boot-starter-json\2.0.1.RELEASE\f2e1aeeb1ac02bfa1b4f7254633484af1866fc65\spring-boot-starter-json-2.0.1.RELEASE.jar;C:\Users\yeison.gomez\.gradle\caches\modules-2\files-2.1\org.springframework.boot\spring-boot-starter-validation\2.0.1.RELEASE\8bdee168ba3b96657733537f1541bc536b9c0520\spring-boot-starter-validation-2.0.1.RELEASE.jar;C:\Users\yeison.gomez\.gradle\caches\modules-2\files-2.1\org.springframework.boot\spring-boot-starter\2.0.1.RELEASE\33abc1286b0aabea4f08ff4285d09e587835a716\spring-boot-starter-2.0.1.RELEASE.jar;C:\Users\yeison.gomez\.gradle\caches\modules-2\files-2.1\org.hibernate\hibernate-core\5.2.16.Final\c169565556721e21e9bdc193a3e8e25160a45468\hibernate-core-5.2.16.Final.jar;C:\Users\yeison.gomez\.gradle\caches\modules-2\files-2.1\javax.transaction\javax.transaction-api\1.2\d81aff979d603edd90dcd8db2abc1f4ce6479e3e\javax.transaction-api-1.2.jar;C:\Users\yeison.gomez\.gradle\caches\modules-2\files-2.1\org.springframework.data\spring-data-jpa\2.0.6.RELEASE\2c683dfbd06551bfd6cc7e05f9d13f5c54c79ba\spring-data-jpa-2.0.6.RELEASE.jar;C:\Users\yeison.gomez\.gradle\caches\modules-2\files-2.1\org.springframework\spring-aspects\5.0.5.RELEASE\34994566374425cfdf82634720b010ed20be512d\spring-aspects-5.0.5.RELEASE.jar;C:\Users\yeison.gomez\.gradle\caches\modules-2\files-2.1\org.springframework.boot\spring-boot-starter-tomcat\2.0.1.RELEASE\4b46f4aaff6c8a5a1c8184996d5e9e8a9354db8d\spring-boot-starter-tomcat-2.0.1.RELEASE.jar;C:\Users\yeison.gomez\.gradle\caches\modules-2\files-2.1\org.glassfish.jersey.ext\jersey-spring4\2.26\e5f2654b343c31078d9b5c8a4f43b838b320099f\jersey-spring4-2.26.jar;C:\Users\yeison.gomez\.gradle\caches\modules-2\files-2.1\org.springframework\spring-webmvc\5.0.5.RELEASE\a7fd53c7ad06b0fa7dd4ff347de1b2dc508739e\spring-webmvc-5.0.5.RELEASE.jar;C:\Users\yeison.gomez\.gradle\caches\modules-2\files-2.1\org.springframework\spring-webflux\5.0.5.RELEASE\17cfbf7e5314bb2e8176f45443131ff565beb5e4\spring-webflux-5.0.5.RELEASE.jar;C:\Users\yeison.gomez\.gradle\caches\modules-2\files-2.1\org.springframework\spring-web\5.0.5.RELEASE\d51dbb5cabe72ae02e400577bac48f7fc94088de\spring-web-5.0.5.RELEASE.jar;C:\Users\yeison.gomez\.gradle\caches\modules-2\files-2.1\org.glassfish.jersey.containers\jersey-container-servlet\2.26\8723d05d1fe2fdda54d0921836ea5daa5abe5f00\jersey-container-servlet-2.26.jar;C:\Users\yeison.gomez\.gradle\caches\modules-2\files-2.1\org.glassfish.jersey.containers\jersey-container-servlet-core\2.26\66a0d51facf1e49e2353ff0d2a2d4a9e2fa3f836\jersey-container-servlet-core-2.26.jar;C:\Users\yeison.gomez\.gradle\caches\modules-2\files-2.1\org.glassfish.jersey.ext\jersey-bean-validation\2.26\33747b4e8a07c53550ee1cbe7fc4321600842c5a\jersey-bean-validation-2.26.jar;C:\Users\yeison.gomez\.gradle\caches\modules-2\files-2.1\org.glassfish.jersey.core\jersey-server\2.26\aa8eff3d591641dadd7c9880bb73b59bf46d4c82\jersey-server-2.26.jar;C:\Users\yeison.gomez\.gradle\caches\modules-2\files-2.1\org.glassfish.jersey.media\jersey-media-json-jackson\2.26\ce3109479991527107921ca5e7943a6e7e20db80\jersey-media-json-jackson-2.26.jar;C:\Users\yeison.gomez\.gradle\caches\modules-2\files-2.1\org.hibernate.validator\hibernate-validator\6.0.9.Final\b149e4cce82379f11f6129eb3187ca8ae5404005\hibernate-validator-6.0.9.Final.jar;C:\Users\yeison.gomez\.gradle\caches\modules-2\files-2.1\org.springframework.boot\spring-boot-starter-reactor-netty\2.0.1.RELEASE\36ad0a17391082ea9aab1d35c827af6f16379abd\spring-boot-starter-reactor-netty-2.0.1.RELEASE.jar;C:\Users\yeison.gomez\.gradle\caches\modules-2\files-2.1\org.synchronoss.cloud\nio-multipart-parser\1.1.0\c6c417fec6612584b1c34d4dd98c5a4e47e8c754\nio-multipart-parser-1.1.0.jar;C:\Users\yeison.gomez\.gradle\caches\modules-2\files-2.1\org.springframework.boot\spring-boot-test-autoconfigure\2.0.1.RELEASE\c7a68c07f2a04323a67740f91d20818ec2e783b3\spring-boot-test-autoconfigure-2.0.1.RELEASE.jar;C:\Users\yeison.gomez\.gradle\caches\modules-2\files-2.1\org.springframework.boot\spring-boot-test\2.0.1.RELEASE\77cede07b0e9da6c87d0dabcfe3e53ac56747d73\spring-boot-test-2.0.1.RELEASE.jar;C:\Users\yeison.gomez\.gradle\caches\modules-2\files-2.1\com.jayway.jsonpath\json-path\2.4.0\765a4401ceb2dc8d40553c2075eb80a8fa35c2ae\json-path-2.4.0.jar;C:\Users\yeison.gomez\.gradle\caches\modules-2\files-2.1\junit\junit\4.12\2973d150c0dc1fefe998f834810d68f278ea58ec\junit-4.12.jar;C:\Users\yeison.gomez\.gradle\caches\modules-2\files-2.1\org.assertj\assertj-core\3.9.1\c5ce126b15f28d56cd8f960c1a6a058b9c9aea87\assertj-core-3.9.1.jar;C:\Users\yeison.gomez\.gradle\caches\modules-2\files-2.1\org.mockito\mockito-core\2.15.0\b84bfbbc29cd22c9529409627af6ea2897f4fa85\mockito-core-2.15.0.jar;C:\Users\yeison.gomez\.gradle\caches\modules-2\files-2.1\org.hamcrest\hamcrest-library\1.3\4785a3c21320980282f9f33d0d1264a69040538f\hamcrest-library-1.3.jar;C:\Users\yeison.gomez\.gradle\caches\modules-2\files-2.1\org.hamcrest\hamcrest-core\1.3\42a25dc3219429f0e5d060061f71acb49bf010a0\hamcrest-core-1.3.jar;C:\Users\yeison.gomez\.gradle\caches\modules-2\files-2.1\org.skyscreamer\jsonassert\1.5.0\6c9d5fe2f59da598d9aefc1cfc6528ff3cf32df3\jsonassert-1.5.0.jar;C:\Users\yeison.gomez\.gradle\caches\modules-2\files-2.1\org.springframework\spring-test\5.0.5.RELEASE\f7e3b83447e54056a91de1294ae6888343648dff\spring-test-5.0.5.RELEASE.jar;C:\Users\yeison.gomez\.gradle\caches\modules-2\files-2.1\org.springframework.boot\spring-boot-autoconfigure\2.0.1.RELEASE\b0bf9d34ed70c6987a86cd58a009065e5fa02545\spring-boot-autoconfigure-2.0.1.RELEASE.jar;C:\Users\yeison.gomez\.gradle\caches\modules-2\files-2.1\org.springframework.boot\spring-boot\2.0.1.RELEASE\b8c5b14cbb0e52fdded8f98a8c1493cc74c7cf59\spring-boot-2.0.1.RELEASE.jar;C:\Users\yeison.gomez\.gradle\caches\modules-2\files-2.1\org.springframework\spring-orm\5.0.5.RELEASE\6734f5ef4c2ebf1d00021fd4b314138f10792174\spring-orm-5.0.5.RELEASE.jar;C:\Users\yeison.gomez\.gradle\caches\modules-2\files-2.1\org.springframework\spring-jdbc\5.0.5.RELEASE\456bc4d2281c37aa2f2206651a3048a1d3559d2a\spring-jdbc-5.0.5.RELEASE.jar;C:\Users\yeison.gomez\.gradle\caches\modules-2\files-2.1\org.springframework.data\spring-data-commons\2.0.6.RELEASE\4d65fdcbe258961e866f4f85c87c13193bbfd18c\spring-data-commons-2.0.6.RELEASE.jar;C:\Users\yeison.gomez\.gradle\caches\modules-2\files-2.1\org.glassfish.hk2\spring-bridge\2.5.0-b42\7cedc63a9079e87b5a2685c054e61cfce8c44837\spring-bridge-2.5.0-b42.jar;C:\Users\yeison.gomez\.gradle\caches\modules-2\files-2.1\org.springframework\spring-context\5.0.5.RELEASE\9cca4bf5acb693249a01c218f471c677b951d6e2\spring-context-5.0.5.RELEASE.jar;C:\Users\yeison.gomez\.gradle\caches\modules-2\files-2.1\org.springframework\spring-tx\5.0.5.RELEASE\b772fbba533da282adc89f33e2619ee8a8bba601\spring-tx-5.0.5.RELEASE.jar;C:\Users\yeison.gomez\.gradle\caches\modules-2\files-2.1\org.springframework\spring-aop\5.0.5.RELEASE\b11b61b94d7fb752a1c9bf3461d655c3084fae47\spring-aop-5.0.5.RELEASE.jar;C:\Users\yeison.gomez\.gradle\caches\modules-2\files-2.1\org.springframework\spring-beans\5.0.5.RELEASE\984445863c0bbdaaf860615762d998b471a6bf92\spring-beans-5.0.5.RELEASE.jar;C:\Users\yeison.gomez\.gradle\caches\modules-2\files-2.1\org.springframework\spring-expression\5.0.5.RELEASE\fc6c7a95aeb7d00f4c65c338b08d97767eb0dd99\spring-expression-5.0.5.RELEASE.jar;C:\Users\yeison.gomez\.gradle\caches\modules-2\files-2.1\org.springframework\spring-core\5.0.5.RELEASE\1bd9feb1d9dac6accd27f5244b6c47cfcb55045c\spring-core-5.0.5.RELEASE.jar;C:\Users\yeison.gomez\.gradle\caches\modules-2\files-2.1\org.xmlunit\xmlunit-core\2.5.1\4ffdb346572a7356f7521cd3119ce5287d2e339d\xmlunit-core-2.5.1.jar;C:\Users\yeison.gomez\.gradle\caches\modules-2\files-2.1\io.projectreactor.ipc\reactor-netty\0.7.6.RELEASE\d425f9c97d7e73f163b5c0d4ae0f8ac9a38a0cb3\reactor-netty-0.7.6.RELEASE.jar;C:\Users\yeison.gomez\.gradle\caches\modules-2\files-2.1\io.projectreactor\reactor-core\3.1.6.RELEASE\64dfad0f0a0e9022c949d678106d53f083b66d05\reactor-core-3.1.6.RELEASE.jar;C:\Users\yeison.gomez\.gradle\caches\modules-2\files-2.1\org.springframework.boot\spring-boot-starter-logging\2.0.1.RELEASE\10681a28c95e9f9c0159327a1ed0c860517c7ad7\spring-boot-starter-logging-2.0.1.RELEASE.jar;C:\Users\yeison.gomez\.gradle\caches\modules-2\files-2.1\org.glassfish.jersey.core\jersey-client\2.26\125b8d1040d121a5dc4ce6858e21a6160bed7afa\jersey-client-2.26.jar;C:\Users\yeison.gomez\.gradle\caches\modules-2\files-2.1\org.glassfish.jersey.media\jersey-media-jaxb\2.26\791397ceb5d1c8f389664b1de3e4208c2ac1015b\jersey-media-jaxb-2.26.jar;C:\Users\yeison.gomez\.gradle\caches\modules-2\files-2.1\org.glassfish.jersey.inject\jersey-hk2\2.26\df27f7d7577acf4b532684448021632098924dab\jersey-hk2-2.26.jar;C:\Users\yeison.gomez\.gradle\caches\modules-2\files-2.1\org.glassfish.jersey.core\jersey-common\2.26\d96475745c5e72cafcbc4dc9e2e725f4d9683f21\jersey-common-2.26.jar;C:\Users\yeison.gomez\.gradle\caches\modules-2\files-2.1\org.glassfish.hk2\hk2\2.5.0-b42\adc396d57e9cada50f57d32cdabaf31a20a758d\hk2-2.5.0-b42.jar;C:\Users\yeison.gomez\.gradle\caches\modules-2\files-2.1\org.glassfish.hk2\config-types\2.5.0-b42\3e927a0624955d10bec3eb5424a1e6ca3d5f92ae\config-types-2.5.0-b42.jar;C:\Users\yeison.gomez\.gradle\caches\modules-2\files-2.1\org.glassfish.hk2\hk2-config\2.5.0-b42\de522871d987e2bf502753c807461f9ee805f6bd\hk2-config-2.5.0-b42.jar;C:\Users\yeison.gomez\.gradle\caches\modules-2\files-2.1\org.glassfish.hk2\hk2-core\2.5.0-b42\7a4954663f1b65b1938fd275b34bbf1e23965381\hk2-core-2.5.0-b42.jar;C:\Users\yeison.gomez\.gradle\caches\modules-2\files-2.1\org.glassfish.hk2\hk2-runlevel\2.5.0-b42\6502d8997ac961f0d2d16d90e838d25626c1a37b\hk2-runlevel-2.5.0-b42.jar;C:\Users\yeison.gomez\.gradle\caches\modules-2\files-2.1\org.glassfish.hk2\hk2-locator\2.5.0-b42\9d6edc0cb226401a8316e67d81bfc37cb626ef91\hk2-locator-2.5.0-b42.jar;C:\Users\yeison.gomez\.gradle\caches\modules-2\files-2.1\org.glassfish.hk2\hk2-api\2.5.0-b42\7fd4e3d0f2cb37c80ad0dedee3f5ee69503eaf52\hk2-api-2.5.0-b42.jar;C:\Users\yeison.gomez\.gradle\caches\modules-2\files-2.1\org.glassfish.hk2\hk2-utils\2.5.0-b42\102a344e1728825e865a8986d7605602aba3c3b6\hk2-utils-2.5.0-b42.jar;C:\Users\yeison.gomez\.gradle\caches\modules-2\files-2.1\javax.annotation\javax.annotation-api\1.3.2\934c04d3cfef185a8008e7bf34331b79730a9d43\javax.annotation-api-1.3.2.jar;C:\Users\yeison.gomez\.gradle\caches\modules-2\files-2.1\org.yaml\snakeyaml\1.19\2d998d3d674b172a588e54ab619854d073f555b5\snakeyaml-1.19.jar;C:\Users\yeison.gomez\.gradle\caches\modules-2\files-2.1\org.aspectj\aspectjweaver\1.8.13\ad94df2a28d658a40dc27bbaff6a1ce5fbf04e9b\aspectjweaver-1.8.13.jar;C:\Users\yeison.gomez\.gradle\caches\modules-2\files-2.1\com.zaxxer\HikariCP\2.7.8\4a3a604fa2efa89621aa498d04e000b2bed90c39\HikariCP-2.7.8.jar;C:\Users\yeison.gomez\.gradle\caches\modules-2\files-2.1\org.hibernate.common\hibernate-commons-annotations\5.0.1.Final\71e1cff3fcb20d3b3af4f3363c3ddb24d33c6879\hibernate-commons-annotations-5.0.1.Final.jar;C:\Users\yeison.gomez\.gradle\caches\modules-2\files-2.1\org.jboss.logging\jboss-logging\3.3.2.Final\3789d00e859632e6c6206adc0c71625559e6e3b0\jboss-logging-3.3.2.Final.jar;C:\Users\yeison.gomez\.gradle\caches\modules-2\files-2.1\org.hibernate.javax.persistence\hibernate-jpa-2.1-api\1.0.0.Final\5e731d961297e5a07290bfaf3db1fbc8bbbf405a\hibernate-jpa-2.1-api-1.0.0.Final.jar;C:\Users\yeison.gomez\.gradle\caches\modules-2\files-2.1\org.javassist\javassist\3.22.0-GA\3e83394258ae2089be7219b971ec21a8288528ad\javassist-3.22.0-GA.jar;C:\Users\yeison.gomez\.gradle\caches\modules-2\files-2.1\antlr\antlr\2.7.7\83cd2cd674a217ade95a4bb83a8a14f351f48bd0\antlr-2.7.7.jar;C:\Users\yeison.gomez\.gradle\caches\modules-2\files-2.1\org.jboss\jandex\2.0.3.Final\bfc4d6257dbff7a33a357f0de116be6ff951d849\jandex-2.0.3.Final.jar;C:\Users\yeison.gomez\.gradle\caches\modules-2\files-2.1\com.fasterxml\classmate\1.3.4\3d5f48f10bbe4eb7bd862f10c0583be2e0053c6\classmate-1.3.4.jar;C:\Users\yeison.gomez\.gradle\caches\modules-2\files-2.1\dom4j\dom4j\1.6.1\5d3ccc056b6f056dbf0dddfdf43894b9065a8f94\dom4j-1.6.1.jar;C:\Users\yeison.gomez\.gradle\caches\modules-2\files-2.1\org.synchronoss.cloud\nio-stream-storage\1.1.3\986dba5f6e5eed20f0dba6ddc8e8a64a9ebdc2f3\nio-stream-storage-1.1.3.jar;C:\Users\yeison.gomez\.gradle\caches\modules-2\files-2.1\ch.qos.logback\logback-classic\1.2.3\7c4f3c474fb2c041d8028740440937705ebb473a\logback-classic-1.2.3.jar;C:\Users\yeison.gomez\.gradle\caches\modules-2\files-2.1\org.apache.logging.log4j\log4j-to-slf4j\2.10.0\f7e631ccf49cfc0aefa4a2a728da7d374c05bd3c\log4j-to-slf4j-2.10.0.jar;C:\Users\yeison.gomez\.gradle\caches\modules-2\files-2.1\org.slf4j\jul-to-slf4j\1.7.25\af5364cd6679bfffb114f0dec8a157aaa283b76\jul-to-slf4j-1.7.25.jar;C:\Users\yeison.gomez\.gradle\caches\modules-2\files-2.1\org.slf4j\slf4j-api\1.7.25\da76ca59f6a57ee3102f8f9bd9cee742973efa8a\slf4j-api-1.7.25.jar;C:\Users\yeison.gomez\.gradle\caches\modules-2\files-2.1\com.fasterxml.jackson.datatype\jackson-datatype-jdk8\2.9.5\23e37f085279ba316c0df923513b81609e1d1f6\jackson-datatype-jdk8-2.9.5.jar;C:\Users\yeison.gomez\.gradle\caches\modules-2\files-2.1\com.fasterxml.jackson.datatype\jackson-datatype-jsr310\2.9.5\d1f0d11e816bc04e222a261106ca138801841c2d\jackson-datatype-jsr310-2.9.5.jar;C:\Users\yeison.gomez\.gradle\caches\modules-2\files-2.1\com.fasterxml.jackson.module\jackson-module-parameter-names\2.9.5\f824c60751ffb7bfc3a0d30dfe0e42317d8e67f5\jackson-module-parameter-names-2.9.5.jar;C:\Users\yeison.gomez\.gradle\caches\modules-2\files-2.1\com.fasterxml.jackson.module\jackson-module-jaxb-annotations\2.9.5\187555dec071c79f1cf797cb0862c06bd02fafd6\jackson-module-jaxb-annotations-2.9.5.jar;C:\Users\yeison.gomez\.gradle\caches\modules-2\files-2.1\com.fasterxml.jackson.core\jackson-databind\2.9.5\3490508379d065fe3fcb80042b62f630f7588606\jackson-databind-2.9.5.jar;C:\Users\yeison.gomez\.gradle\caches\modules-2\files-2.1\org.apache.tomcat.embed\tomcat-embed-websocket\8.5.29\37786f4ca8a1597a91a0f437e659a76d1fcc5bf1\tomcat-embed-websocket-8.5.29.jar;C:\Users\yeison.gomez\.gradle\caches\modules-2\files-2.1\org.apache.tomcat.embed\tomcat-embed-core\8.5.29\51eac5adde4bc019261b787cb99e5548206908e6\tomcat-embed-core-8.5.29.jar;C:\Users\yeison.gomez\.gradle\caches\modules-2\files-2.1\org.apache.tomcat.embed\tomcat-embed-el\8.5.29\893fb2c87ec1aa248a7911d76c0c06b3fca6bc9b\tomcat-embed-el-8.5.29.jar;C:\Users\yeison.gomez\.gradle\caches\modules-2\files-2.1\org.glassfish.jersey.ext\jersey-entity-filtering\2.26\a8ea15c9cd0bd8b090dbbf0f0e43aa39604f3433\jersey-entity-filtering-2.26.jar;C:\Users\yeison.gomez\.gradle\caches\modules-2\files-2.1\javax.ws.rs\javax.ws.rs-api\2.1\426a0862406536e690c7caa8bb6ed32191986fac\javax.ws.rs-api-2.1.jar;C:\Users\yeison.gomez\.gradle\caches\modules-2\files-2.1\javax.validation\validation-api\2.0.1.Final\cb855558e6271b1b32e716d24cb85c7f583ce09e\validation-api-2.0.1.Final.jar;C:\Users\yeison.gomez\.gradle\caches\modules-2\files-2.1\com.fasterxml.jackson.core\jackson-annotations\2.9.0\7c10d545325e3a6e72e06381afe469fd40eb701\jackson-annotations-2.9.0.jar;C:\Users\yeison.gomez\.gradle\caches\modules-2\files-2.1\net.minidev\json-smart\2.3\7396407491352ce4fa30de92efb158adb76b5b\json-smart-2.3.jar;C:\Users\yeison.gomez\.gradle\caches\modules-2\files-2.1\net.bytebuddy\byte-buddy\1.7.11\f02857a4e2c66ccbe7aaad6100a0a6c461bce9b3\byte-buddy-1.7.11.jar;C:\Users\yeison.gomez\.gradle\caches\modules-2\files-2.1\net.bytebuddy\byte-buddy-agent\1.7.11\b425a8933ca07edd03c6dbc8bc3b595fba9780de\byte-buddy-agent-1.7.11.jar;C:\Users\yeison.gomez\.gradle\caches\modules-2\files-2.1\org.objenesis\objenesis\2.6\639033469776fd37c08358c6b92a4761feb2af4b\objenesis-2.6.jar;C:\Users\yeison.gomez\.gradle\caches\modules-2\files-2.1\com.vaadin.external.google\android-json\0.0.20131108.vaadin1\fa26d351fe62a6a17f5cda1287c1c6110dec413f\android-json-0.0.20131108.vaadin1.jar;C:\Users\yeison.gomez\.gradle\caches\modules-2\files-2.1\org.springframework\spring-jcl\5.0.5.RELEASE\f4a2854b9d865e8b86717595aec16f877f8c6489\spring-jcl-5.0.5.RELEASE.jar;C:\Users\yeison.gomez\.gradle\caches\modules-2\files-2.1\org.reactivestreams\reactive-streams\1.0.2\323964c36556eb0e6209f65c1cef72b53b461ab8\reactive-streams-1.0.2.jar;C:\Users\yeison.gomez\.gradle\caches\modules-2\files-2.1\com.fasterxml.jackson.core\jackson-core\2.9.5\a22ac51016944b06fd9ffbc9541c6e7ce5eea117\jackson-core-2.9.5.jar;C:\Users\yeison.gomez\.gradle\caches\modules-2\files-2.1\org.glassfish.hk2\osgi-resource-locator\1.0.1\4ed2b2d4738aed5786cfa64cba5a332779c4c708\osgi-resource-locator-1.0.1.jar;C:\Users\yeison.gomez\.gradle\caches\modules-2\files-2.1\org.glassfish.hk2\class-model\2.5.0-b42\a9824e8ed9748f3622394d6d32098cc1bb2a0ea1\class-model-2.5.0-b42.jar;C:\Users\yeison.gomez\.gradle\caches\modules-2\files-2.1\io.netty\netty-handler-proxy\4.1.23.Final\9da61616993d003fbf684e06542b68aa8d93abee\netty-handler-proxy-4.1.23.Final.jar;C:\Users\yeison.gomez\.gradle\caches\modules-2\files-2.1\io.netty\netty-codec-http\4.1.23.Final\47cc15932619fd831aaa67fb0968532636ab435a\netty-codec-http-4.1.23.Final.jar;C:\Users\yeison.gomez\.gradle\caches\modules-2\files-2.1\io.netty\netty-handler\4.1.23.Final\a6314d244dd11db14249dc2d492e8dd3eec4cdb1\netty-handler-4.1.23.Final.jar;C:\Users\yeison.gomez\.gradle\caches\modules-2\files-2.1\io.netty\netty-transport-native-epoll\4.1.23.Final\8a8ad56081c66bb74362d5cc0a3cd620874ef1da\netty-transport-native-epoll-4.1.23.Final.jar;C:\Users\yeison.gomez\.gradle\caches\modules-2\files-2.1\net.minidev\accessors-smart\1.2\c592b500269bfde36096641b01238a8350f8aa31\accessors-smart-1.2.jar;C:\Users\yeison.gomez\.gradle\caches\modules-2\files-2.1\ch.qos.logback\logback-core\1.2.3\864344400c3d4d92dfeb0a305dc87d953677c03c\logback-core-1.2.3.jar;C:\Users\yeison.gomez\.gradle\caches\modules-2\files-2.1\org.apache.logging.log4j\log4j-api\2.10.0\fec5797a55b786184a537abd39c3fa1449d752d6\log4j-api-2.10.0.jar;C:\Users\yeison.gomez\.gradle\caches\modules-2\files-2.1\org.glassfish.hk2.external\aopalliance-repackaged\2.5.0-b42\e74beab6ca12e9e745eb47ca61729d9452b96f0c\aopalliance-repackaged-2.5.0-b42.jar;C:\Users\yeison.gomez\.gradle\caches\modules-2\files-2.1\javax.inject\javax.inject\1\6975da39a7040257bd51d21a231b76c915872d38\javax.inject-1.jar;C:\Users\yeison.gomez\.gradle\caches\modules-2\files-2.1\org.glassfish.hk2.external\asm-all-repackaged\2.5.0-b42\3afd5d4f63116e8c00b430f32092282e5e475ce8\asm-all-repackaged-2.5.0-b42.jar;C:\Users\yeison.gomez\.gradle\caches\modules-2\files-2.1\io.netty\netty-codec-socks\4.1.23.Final\db99145403f5e375faa347f8bd150c2079833a55\netty-codec-socks-4.1.23.Final.jar;C:\Users\yeison.gomez\.gradle\caches\modules-2\files-2.1\io.netty\netty-codec\4.1.23.Final\d6599803bfefbe9a3e226702faade5df0cb678d1\netty-codec-4.1.23.Final.jar;C:\Users\yeison.gomez\.gradle\caches\modules-2\files-2.1\io.netty\netty-transport-native-unix-common\4.1.23.Final\acb1d48526d42a0376852d1c242d48112123e745\netty-transport-native-unix-common-4.1.23.Final.jar;C:\Users\yeison.gomez\.gradle\caches\modules-2\files-2.1\io.netty\netty-transport\4.1.23.Final\80dfcc723083e23058878ddbc33f5fb0ce9ec9e9\netty-transport-4.1.23.Final.jar;C:\Users\yeison.gomez\.gradle\caches\modules-2\files-2.1\io.netty\netty-buffer\4.1.23.Final\c6c0705bbd5d68aebc2d5fdd48e9dda8a8ad6d3\netty-buffer-4.1.23.Final.jar;C:\Users\yeison.gomez\.gradle\caches\modules-2\files-2.1\io.netty\netty-resolver\4.1.23.Final\19adaf9ad6833da7506cdccc7c6d16952f366fa5\netty-resolver-4.1.23.Final.jar;C:\Users\yeison.gomez\.gradle\caches\modules-2\files-2.1\io.netty\netty-common\4.1.23.Final\387b1b9d0441646a5cf84eace2b3e15dd07aca47\netty-common-4.1.23.Final.jar;C:\Users\yeison.gomez\.gradle\caches\modules-2\files-2.1\org.ow2.asm\asm\5.0.4\da08b8cce7bbf903602a25a3a163ae252435795\asm-5.0.4.jar, user.name=yeison.gomez, java.vm.specification.version=1.8, sun.java.command=worker.org.gradle.process.internal.worker.GradleWorkerMain 'Gradle Test Executor 1', java.home=C:\Program Files\Java\jdk1.8.0_171\jre, sun.arch.data.model=64, user.language=en, java.specification.vendor=Oracle Corporation, awt.toolkit=sun.awt.windows.WToolkit, java.vm.info=mixed mode, java.version=1.8.0_171, java.ext.dirs=C:\Program Files\Java\jdk1.8.0_171\jre\lib\ext;C:\Windows\Sun\Java\lib\ext, sun.boot.class.path=C:\Program Files\Java\jdk1.8.0_171\jre\lib\resources.jar;C:\Program Files\Java\jdk1.8.0_171\jre\lib\rt.jar;C:\Program Files\Java\jdk1.8.0_171\jre\lib\sunrsasign.jar;C:\Program Files\Java\jdk1.8.0_171\jre\lib\jsse.jar;C:\Program Files\Java\jdk1.8.0_171\jre\lib\jce.jar;C:\Program Files\Java\jdk1.8.0_171\jre\lib\charsets.jar;C:\Program Files\Java\jdk1.8.0_171\jre\lib\jfr.jar;C:\Program Files\Java\jdk1.8.0_171\jre\classes, java.vendor=Oracle Corporation, org.gradle.test.worker=1, file.separator=\, java.vendor.url.bug=http://bugreport.sun.com/bugreport/, sun.io.unicode.encoding=UnicodeLittle, sun.cpu.endian=little, sun.desktop=windows, sun.cpu.isalist=amd64}}, SystemEnvironmentPropertySource@1212027199 {name='systemEnvironment', properties={USERDOMAIN_ROAMINGPROFILE=CEIBA, LOCALAPPDATA=C:\Users\yeison.gomez\AppData\Local, PROCESSOR_LEVEL=6, USERDOMAIN=CEIBA, FPS_BROWSER_APP_PROFILE_STRING=Internet Explorer, LOGONSERVER=\\CRONOS, JAVA_HOME=C:\Program Files\Java\jdk1.8.0_171, SESSIONNAME=Console, ALLUSERSPROFILE=C:\ProgramData, PROCESSOR_ARCHITECTURE=AMD64, GRADLE_HOME=D:\Development\Plugins\gradle-4.7, PSModulePath=C:\Program Files\WindowsPowerShell\Modules;C:\Windows\system32\WindowsPowerShell\v1.0\Modules, SystemDrive=C:, OneDrive=C:\Users\yeison.gomez\OneDrive, APPDATA=C:\Users\yeison.gomez\AppData\Roaming, USERNAME=yeison.gomez, USERDNSDOMAIN=CEIBA.LOCAL, ProgramFiles(x86)=C:\Program Files (x86), CommonProgramFiles=C:\Program Files\Common Files, Path=C:/Program Files/Java/jre1.8.0_171/bin/server;C:/Program Files/Java/jre1.8.0_171/bin;C:/Program Files/Java/jre1.8.0_171/lib/amd64;C:\Program Files (x86)\Common Files\Oracle\Java\javapath;C:\Oracle\product\11.1.0\client_1\bin;C:\Program Files\CollabNet\Subversion Client;C:\Windows\system32;C:\Windows;C:\Windows\System32\Wbem;C:\Windows\System32\WindowsPowerShell\v1.0\;C:\Program Files\TortoiseSVN\bin;C:\Program Files (x86)\ATI Technologies\ATI.ACE\Core-Static;C:\Program Files\Git\cmd;C:\Program Files\PuTTY\;C:\Users\yeison.gomez\AppData\Local\Microsoft\WindowsApps;C:\Program Files\Java\jdk1.8.0_171\bin;D:\Development\Plugins\gradle-4.7\bin;;C:\eclipse;, FPS_BROWSER_USER_PROFILE_STRING=Default, PATHEXT=.COM;.EXE;.BAT;.CMD;.VBS;.VBE;.JS;.JSE;.WSF;.WSH;.MSC, OS=Windows_NT, COMPUTERNAME=YEISON-GOMEZ, PROCESSOR_REVISION=3c03, CommonProgramW6432=C:\Program Files\Common Files, ComSpec=C:\Windows\system32\cmd.exe, ProgramData=C:\ProgramData, ProgramW6432=C:\Program Files, HOMEPATH=\Users\yeison.gomez, SystemRoot=C:\Windows, TEMP=C:\Users\YEISON~1.GOM\AppData\Local\Temp, HOMEDRIVE=C:, PROCESSOR_IDENTIFIER=Intel64 Family 6 Model 60 Stepping 3, GenuineIntel, USERPROFILE=C:\Users\yeison.gomez, TMP=C:\Users\YEISON~1.GOM\AppData\Local\Temp, CommonProgramFiles(x86)=C:\Program Files (x86)\Common Files, ProgramFiles=C:\Program Files, PUBLIC=C:\Users\Public, NUMBER_OF_PROCESSORS=4, windir=C:\Windows, =::=::\}}]
08:37:33.871 [Test worker] DEBUG org.springframework.test.context.support.TestPropertySourceUtils - Adding inlined properties to environment: {spring.jmx.enabled=false, org.springframework.boot.test.context.SpringBootTestContextBootstrapper=true, server.port=-1}
08:37:33.872 [Test worker] DEBUG org.springframework.core.env.StandardEnvironment - Adding PropertySource 'Inlined Test Properties' with highest search precedence

  .   ____          _            __ _ _
 /\\ / ___'_ __ _ _(_)_ __  __ _ \ \ \ \
( ( )\___ | '_ | '_| | '_ \/ _` | \ \ \ \
 \\/  ___)| |_)| | | | | || (_| |  ) ) ) )
  '  |____| .__|_| |_|_| |_\__, | / / / /
 =========|_|==============|___/=/_/_/_/
 :: Spring Boot ::        (v2.0.1.RELEASE)

2018-05-09 08:37:34.514  INFO 12244 --- [    Test worker] .c.P.ParqueaderoCeibaAdnApplicationTests : Starting ParqueaderoCeibaAdnApplicationTests on YEISON-GOMEZ with PID 12244 (started by yeison.gomez in D:\Development\Eclipse\ParqueaderoCeibaADN)
2018-05-09 08:37:34.516  INFO 12244 --- [    Test worker] .c.P.ParqueaderoCeibaAdnApplicationTests : No active profile set, falling back to default profiles: default
2018-05-09 08:37:34.598  INFO 12244 --- [    Test worker] o.s.w.c.s.GenericWebApplicationContext   : Refreshing org.springframework.web.context.support.GenericWebApplicationContext@ffd2a94: startup date [Wed May 09 08:37:34 COT 2018]; root of context hierarchy
2018-05-09 08:37:36.798  INFO 12244 --- [    Test worker] f.a.AutowiredAnnotationBeanPostProcessor : JSR-330 'javax.inject.Inject' annotation found and supported for autowiring
2018-05-09 08:37:37.010  INFO 12244 --- [    Test worker] trationDelegate$BeanPostProcessorChecker : Bean 'org.springframework.transaction.annotation.ProxyTransactionManagementConfiguration' of type [org.springframework.transaction.annotation.ProxyTransactionManagementConfiguration$$EnhancerBySpringCGLIB$$5b51b9fc] is not eligible for getting processed by all BeanPostProcessors (for example: not eligible for auto-proxying)
2018-05-09 08:37:37.409  INFO 12244 --- [    Test worker] com.zaxxer.hikari.HikariDataSource       : HikariPool-1 - Starting...
2018-05-09 08:37:37.753  INFO 12244 --- [    Test worker] com.zaxxer.hikari.HikariDataSource       : HikariPool-1 - Start completed.
2018-05-09 08:37:37.842  INFO 12244 --- [    Test worker] j.LocalContainerEntityManagerFactoryBean : Building JPA container EntityManagerFactory for persistence unit 'default'
2018-05-09 08:37:37.872  INFO 12244 --- [    Test worker] o.hibernate.jpa.internal.util.LogHelper  : HHH000204: Processing PersistenceUnitInfo [
	name: default
	...]
2018-05-09 08:37:37.994  INFO 12244 --- [    Test worker] org.hibernate.Version                    : HHH000412: Hibernate Core {5.2.16.Final}
2018-05-09 08:37:37.997  INFO 12244 --- [    Test worker] org.hibernate.cfg.Environment            : HHH000206: hibernate.properties not found
2018-05-09 08:37:38.071  INFO 12244 --- [    Test worker] o.hibernate.annotations.common.Version   : HCANN000001: Hibernate Commons Annotations {5.0.1.Final}
2018-05-09 08:37:38.327  INFO 12244 --- [    Test worker] org.hibernate.dialect.Dialect            : HHH000400: Using dialect: org.hibernate.dialect.H2Dialect
2018-05-09 08:37:38.997  INFO 12244 --- [    Test worker] o.h.t.schema.internal.SchemaCreatorImpl  : HHH000476: Executing import script 'org.hibernate.tool.schema.internal.exec.ScriptSourceInputNonExistentImpl@7146b22'
2018-05-09 08:37:39.002  INFO 12244 --- [    Test worker] j.LocalContainerEntityManagerFactoryBean : Initialized JPA EntityManagerFactory for persistence unit 'default'
2018-05-09 08:37:39.660  INFO 12244 --- [    Test worker] o.s.w.s.handler.SimpleUrlHandlerMapping  : Mapped URL path [/**/favicon.ico] onto handler of type [class org.springframework.web.servlet.resource.ResourceHttpRequestHandler]
2018-05-09 08:37:40.031  INFO 12244 --- [    Test worker] s.w.s.m.m.a.RequestMappingHandlerAdapter : Looking for @ControllerAdvice: org.springframework.web.context.support.GenericWebApplicationContext@ffd2a94: startup date [Wed May 09 08:37:34 COT 2018]; root of context hierarchy
2018-05-09 08:37:40.125  WARN 12244 --- [    Test worker] aWebConfiguration$JpaWebMvcConfiguration : spring.jpa.open-in-view is enabled by default. Therefore, database queries may be performed during view rendering. Explicitly configure spring.jpa.open-in-view to disable this warning
2018-05-09 08:37:40.233  INFO 12244 --- [    Test worker] s.w.s.m.m.a.RequestMappingHandlerMapping : Mapped "{[/error]}" onto public org.springframework.http.ResponseEntity<java.util.Map<java.lang.String, java.lang.Object>> org.springframework.boot.autoconfigure.web.servlet.error.BasicErrorController.error(javax.servlet.http.HttpServletRequest)
2018-05-09 08:37:40.236  INFO 12244 --- [    Test worker] s.w.s.m.m.a.RequestMappingHandlerMapping : Mapped "{[/error],produces=[text/html]}" onto public org.springframework.web.servlet.ModelAndView org.springframework.boot.autoconfigure.web.servlet.error.BasicErrorController.errorHtml(javax.servlet.http.HttpServletRequest,javax.servlet.http.HttpServletResponse)
2018-05-09 08:37:40.273  INFO 12244 --- [    Test worker] o.s.w.s.handler.SimpleUrlHandlerMapping  : Mapped URL path [/webjars/**] onto handler of type [class org.springframework.web.servlet.resource.ResourceHttpRequestHandler]
2018-05-09 08:37:40.274  INFO 12244 --- [    Test worker] o.s.w.s.handler.SimpleUrlHandlerMapping  : Mapped URL path [/**] onto handler of type [class org.springframework.web.servlet.resource.ResourceHttpRequestHandler]
2018-05-09 08:37:40.929  INFO 12244 --- [    Test worker] .c.P.ParqueaderoCeibaAdnApplicationTests : Started ParqueaderoCeibaAdnApplicationTests in 7.029 seconds (JVM running for 9.907)
]]></system-out>
  <system-err><![CDATA[]]></system-err>
</testsuite>
